<?xml version="1.0" encoding="UTF-8"?>
<!-- Generated by org.testng.reporters.JUnitReportReporter -->
<testsuite hostname="PREMCHAND" failures="0" tests="1" name="Tests.Dashboard_tests" time="0.028" errors="0" timestamp="2023-09-17T18:56:36 IST" skipped="0">
  <testcase classname="Tests.Dashboard_tests" name="Verify_That_The_Ve3_global_Homepage_loads_successfully" time="0.028"/>
</testsuite> <!-- Tests.Dashboard_tests -->
