<?xml version="1.0" encoding="UTF-8"?>
<!-- Generated by org.testng.reporters.JUnitReportReporter -->
<testsuite hostname="PREMCHAND" failures="0" tests="1" name="Tests.HomePage_Test" time="0.272" errors="0" timestamp="2023-09-18T04:01:56 IST" skipped="0">
  <testcase classname="Tests.HomePage_Test" name="Verify_That_The_Ve3_global_Homepage_loads_successfully" time="0.272"/>
</testsuite> <!-- Tests.HomePage_Test -->
